<?xml version="1.0" encoding="UTF-8"?>
<!-- Generated by org.testng.reporters.JUnitReportReporter -->
<testsuite skipped="1" hostname="ICare-Asif" name="seleframework.TestsEn_US" tests="3" failures="0" timestamp="14 Mar 2019 15:08:23 GMT" time="10.374" errors="0">
  <testcase name="testloginGreetingsVanity" time="7.889" classname="seleframework.TestsEn_US"/>
  <testcase name="testYourAccountEN_US" time="2.485" classname="seleframework.TestsEn_US"/>
  <testcase name="testYourAccountPageTitle" classname="seleframework.TestsEn_US">
    <skipped/>
  </testcase> <!-- testYourAccountPageTitle -->
</testsuite> <!-- seleframework.TestsEn_US -->
