<?xml version="1.0" encoding="UTF-8"?>
<!-- Generated by org.testng.reporters.JUnitReportReporter -->
<testsuite skipped="1" hostname="ICare-Asif" name="seleframework.TestsPt_BR" tests="3" failures="0" timestamp="14 Mar 2019 15:08:23 GMT" time="9.222" errors="0">
  <testcase name="testloginGreetingsVanity" time="7.210" classname="seleframework.TestsPt_BR"/>
  <testcase name="testYourAccountPt_BR" time="2.012" classname="seleframework.TestsPt_BR"/>
  <testcase name="testYourAccountPageTitle" classname="seleframework.TestsPt_BR">
    <skipped/>
  </testcase> <!-- testYourAccountPageTitle -->
</testsuite> <!-- seleframework.TestsPt_BR -->
