<?xml version="1.0" encoding="UTF-8"?>
<!-- Generated by org.testng.reporters.JUnitReportReporter -->
<testsuite skipped="0" hostname="ICare-Asif" name="testlocale.TestsPt_BR" tests="4" failures="0" timestamp="14 Mar 2019 16:22:28 GMT" time="8.015" errors="0">
  <testcase name="testloginGreetingsVanity" time="3.892" classname="testlocale.TestsPt_BR"/>
  <testcase name="testYourAccountPt_BR" time="2.334" classname="testlocale.TestsPt_BR"/>
  <testcase name="testPartnerLink" time="0.114" classname="testlocale.TestsPt_BR"/>
  <testcase name="HyattPartnerPageTitle" time="1.675" classname="testlocale.TestsPt_BR"/>
</testsuite> <!-- testlocale.TestsPt_BR -->
