<?xml version="1.0" encoding="UTF-8"?>
<!-- Generated by org.testng.reporters.JUnitReportReporter -->
<testsuite skipped="1" hostname="ICare-Asif-1.local" name="seleframework.TestsEs_MX" tests="3" failures="0" timestamp="13 Mar 2019 20:56:19 GMT" time="5.735" errors="0">
  <testcase name="testloginGreetingsVanity" time="3.781" classname="seleframework.TestsEs_MX"/>
  <testcase name="testYourAccountEN_US" time="1.954" classname="seleframework.TestsEs_MX"/>
  <testcase name="testYourAccountPageTitleES_US" classname="seleframework.TestsEs_MX">
    <skipped/>
  </testcase> <!-- testYourAccountPageTitleES_US -->
</testsuite> <!-- seleframework.TestsEs_MX -->
