<?xml version="1.0" encoding="UTF-8"?>
<!-- Generated by org.testng.reporters.JUnitReportReporter -->
<testsuite skipped="1" hostname="ICare-Asif" name="seleframework.TestsEs_MX" tests="3" failures="0" timestamp="14 Mar 2019 15:08:23 GMT" time="10.593" errors="0">
  <testcase name="testloginGreetingsVanity" time="8.182" classname="seleframework.TestsEs_MX"/>
  <testcase name="testYourAccountEN_US" time="2.411" classname="seleframework.TestsEs_MX"/>
  <testcase name="testYourAccountPageTitleES_US" classname="seleframework.TestsEs_MX">
    <skipped/>
  </testcase> <!-- testYourAccountPageTitleES_US -->
</testsuite> <!-- seleframework.TestsEs_MX -->
