<?xml version="1.0" encoding="UTF-8"?>
<!-- Generated by org.testng.reporters.JUnitReportReporter -->
<testsuite skipped="1" hostname="ICare-Asif-1.local" name="seleframework.TestsPt_BR" tests="3" failures="0" timestamp="13 Mar 2019 20:56:19 GMT" time="5.264" errors="0">
  <testcase name="testloginGreetingsVanity" time="3.210" classname="seleframework.TestsPt_BR"/>
  <testcase name="testYourAccountPt_BR" time="2.054" classname="seleframework.TestsPt_BR"/>
  <testcase name="testYourAccountPageTitle" classname="seleframework.TestsPt_BR">
    <skipped/>
  </testcase> <!-- testYourAccountPageTitle -->
</testsuite> <!-- seleframework.TestsPt_BR -->
