<?xml version="1.0" encoding="UTF-8"?>
<!-- Generated by org.testng.reporters.JUnitReportReporter -->
<testsuite skipped="0" hostname="ICare-Asif" name="seleframework.Tests" tests="1" failures="0" timestamp="07 Mar 2019 19:18:35 GMT" time="2.982" errors="0">
  <testcase name="navigateToHomePage" time="2.982" classname="seleframework.Tests"/>
</testsuite> <!-- seleframework.Tests -->
