<?xml version="1.0" encoding="UTF-8"?>
<!-- Generated by org.testng.reporters.JUnitReportReporter -->
<testsuite skipped="1" hostname="ICare-Asif-1.local" name="seleframework.TestsEn_US" tests="3" failures="0" timestamp="13 Mar 2019 20:56:19 GMT" time="6.396" errors="0">
  <testcase name="testloginGreetingsVanity" time="4.139" classname="seleframework.TestsEn_US"/>
  <testcase name="testYourAccountEN_US" time="2.257" classname="seleframework.TestsEn_US"/>
  <testcase name="testYourAccountPageTitle" classname="seleframework.TestsEn_US">
    <skipped/>
  </testcase> <!-- testYourAccountPageTitle -->
</testsuite> <!-- seleframework.TestsEn_US -->
