<?xml version="1.0" encoding="UTF-8"?>
<!-- Generated by org.testng.reporters.JUnitReportReporter -->
<testsuite skipped="0" hostname="ICare-Asif" name="testlocale.TestsEs_MX" tests="4" failures="0" timestamp="14 Mar 2019 16:22:28 GMT" time="8.001" errors="0">
  <testcase name="testloginGreetingsVanity" time="3.950" classname="testlocale.TestsEs_MX"/>
  <testcase name="testYourAccountEN_US" time="2.399" classname="testlocale.TestsEs_MX"/>
  <testcase name="testPartnerLink" time="0.183" classname="testlocale.TestsEs_MX"/>
  <testcase name="HyattPartnerPageTitle" time="1.469" classname="testlocale.TestsEs_MX"/>
</testsuite> <!-- testlocale.TestsEs_MX -->
